<?xml version="1.0" encoding="UTF-8"?>
<testng-results ignored="0" total="1" passed="1" failed="0" skipped="0">
  <reporter-output>
  </reporter-output>
  <suite started-at="2022-10-17T12:36:41 EDT" name="Default suite" finished-at="2022-10-17T12:36:50 EDT" duration-ms="8324">
    <groups>
    </groups>
    <test started-at="2022-10-17T12:36:41 EDT" name="Default test" finished-at="2022-10-17T12:36:50 EDT" duration-ms="8324">
      <class name="swagLabsTests.LogInTest">
        <test-method is-config="true" signature="startBrowser()[pri:0, instance:swagLabsTests.LogInTest@1c5920df]" started-at="2022-10-17T12:36:41 EDT" name="startBrowser" finished-at="2022-10-17T12:36:48 EDT" duration-ms="6448" status="PASS">
          <reporter-output>
          </reporter-output>
        </test-method> <!-- startBrowser -->
        <test-method signature="test1()[pri:0, instance:swagLabsTests.LogInTest@1c5920df]" started-at="2022-10-17T12:36:48 EDT" name="test1" finished-at="2022-10-17T12:36:48 EDT" duration-ms="589" status="PASS">
          <reporter-output>
          </reporter-output>
        </test-method> <!-- test1 -->
        <test-method is-config="true" signature="closeBrowser()[pri:0, instance:swagLabsTests.LogInTest@1c5920df]" started-at="2022-10-17T12:36:48 EDT" name="closeBrowser" finished-at="2022-10-17T12:36:50 EDT" duration-ms="1200" status="PASS">
          <reporter-output>
          </reporter-output>
        </test-method> <!-- closeBrowser -->
      </class> <!-- swagLabsTests.LogInTest -->
    </test> <!-- Default test -->
  </suite> <!-- Default suite -->
</testng-results>
